2021-11-24 22:28:35,445 DEBUG [main] InternalLoggerFactory:89 - Using Log4J as the default logging framework
2021-11-24 22:28:35,450 DEBUG [main] ResourceLeakDetector:129 - -Dio.netty.leakDetection.level: simple
2021-11-24 22:28:35,451 DEBUG [main] ResourceLeakDetector:130 - -Dio.netty.leakDetection.targetRecords: 4
2021-11-24 22:28:35,454 DEBUG [main] ResourceLeakDetectorFactory:196 - Loaded default ResourceLeakDetector: io.netty.util.ResourceLeakDetector@42bc14c1
2021-11-24 22:28:35,467 DEBUG [main] PlatformDependent0:460 - -Dio.netty.noUnsafe: false
2021-11-24 22:28:35,467 DEBUG [main] PlatformDependent0:954 - Java version: 16
2021-11-24 22:28:35,468 DEBUG [main] PlatformDependent0:135 - sun.misc.Unsafe.theUnsafe: available
2021-11-24 22:28:35,469 DEBUG [main] PlatformDependent0:159 - sun.misc.Unsafe.copyMemory: available
2021-11-24 22:28:35,469 DEBUG [main] PlatformDependent0:202 - java.nio.Buffer.address: available
2021-11-24 22:28:35,470 DEBUG [main] PlatformDependent0:285 - direct buffer constructor: unavailable: Reflective setAccessible(true) disabled
2021-11-24 22:28:35,471 DEBUG [main] PlatformDependent0:350 - java.nio.Bits.unaligned: available, true
2021-11-24 22:28:35,471 DEBUG [main] PlatformDependent0:417 - jdk.internal.misc.Unsafe.allocateUninitializedArray(int): unavailable: class io.netty.util.internal.PlatformDependent0$6 cannot access class jdk.internal.misc.Unsafe (in module java.base) because module java.base does not export jdk.internal.misc to unnamed module @239963d8
2021-11-24 22:28:35,473 DEBUG [main] PlatformDependent0:446 - java.nio.DirectByteBuffer.<init>(long, int): unavailable
2021-11-24 22:28:35,473 DEBUG [main] PlatformDependent:1103 - sun.misc.Unsafe: available
2021-11-24 22:28:35,485 DEBUG [main] PlatformDependent:1205 - maxDirectMemory: 2111832064 bytes (maybe)
2021-11-24 22:28:35,485 DEBUG [main] PlatformDependent:1224 - -Dio.netty.tmpdir: C:\Users\pc\AppData\Local\Temp (java.io.tmpdir)
2021-11-24 22:28:35,486 DEBUG [main] PlatformDependent:1303 - -Dio.netty.bitMode: 64 (sun.arch.data.model)
2021-11-24 22:28:35,487 DEBUG [main] PlatformDependent:1063 - Platform: Windows
2021-11-24 22:28:35,488 DEBUG [main] PlatformDependent:178 - -Dio.netty.maxDirectMemory: -1 bytes
2021-11-24 22:28:35,488 DEBUG [main] PlatformDependent:185 - -Dio.netty.uninitializedArrayAllocationThreshold: -1
2021-11-24 22:28:35,489 DEBUG [main] CleanerJava9:71 - java.nio.ByteBuffer.cleaner(): available
2021-11-24 22:28:35,490 DEBUG [main] PlatformDependent:205 - -Dio.netty.noPreferDirect: false
2021-11-24 22:28:35,496 DEBUG [main] PlatformDependent:967 - org.jctools-core.MpscChunkedArrayQueue: available
2021-11-24 22:28:35,509 DEBUG [main] InternalThreadLocalMap:83 - -Dio.netty.threadLocalMap.stringBuilder.initialSize: 1024
2021-11-24 22:28:35,509 DEBUG [main] InternalThreadLocalMap:86 - -Dio.netty.threadLocalMap.stringBuilder.maxSize: 4096
2021-11-24 22:28:35,644 DEBUG [main] JdkSslContext:97 - Default protocols (JDK): [TLSv1.3, TLSv1.2] 
2021-11-24 22:28:35,645 DEBUG [main] JdkSslContext:98 - Default cipher suites (JDK): [TLS_ECDHE_ECDSA_WITH_AES_256_GCM_SHA384, TLS_ECDHE_ECDSA_WITH_AES_128_GCM_SHA256, TLS_ECDHE_RSA_WITH_AES_128_GCM_SHA256, TLS_ECDHE_RSA_WITH_AES_256_GCM_SHA384, TLS_ECDHE_RSA_WITH_AES_128_CBC_SHA, TLS_ECDHE_RSA_WITH_AES_256_CBC_SHA, TLS_RSA_WITH_AES_128_GCM_SHA256, TLS_RSA_WITH_AES_128_CBC_SHA, TLS_RSA_WITH_AES_256_CBC_SHA, TLS_AES_128_GCM_SHA256, TLS_AES_256_GCM_SHA384]
2021-11-24 22:28:35,661 DEBUG [main] MultithreadEventLoopGroup:44 - -Dio.netty.eventLoopThreads: 16
2021-11-24 22:28:35,668 DEBUG [main] NioEventLoop:106 - -Dio.netty.noKeySetOptimization: false
2021-11-24 22:28:35,668 DEBUG [main] NioEventLoop:107 - -Dio.netty.selectorAutoRebuildThreshold: 512
2021-11-24 22:28:35,707 DEBUG [main] PooledByteBufAllocator:155 - -Dio.netty.allocator.numHeapArenas: 16
2021-11-24 22:28:35,708 DEBUG [main] PooledByteBufAllocator:156 - -Dio.netty.allocator.numDirectArenas: 16
2021-11-24 22:28:35,708 DEBUG [main] PooledByteBufAllocator:158 - -Dio.netty.allocator.pageSize: 8192
2021-11-24 22:28:35,708 DEBUG [main] PooledByteBufAllocator:163 - -Dio.netty.allocator.maxOrder: 11
2021-11-24 22:28:35,708 DEBUG [main] PooledByteBufAllocator:167 - -Dio.netty.allocator.chunkSize: 16777216
2021-11-24 22:28:35,708 DEBUG [main] PooledByteBufAllocator:168 - -Dio.netty.allocator.smallCacheSize: 256
2021-11-24 22:28:35,709 DEBUG [main] PooledByteBufAllocator:169 - -Dio.netty.allocator.normalCacheSize: 64
2021-11-24 22:28:35,709 DEBUG [main] PooledByteBufAllocator:170 - -Dio.netty.allocator.maxCachedBufferCapacity: 32768
2021-11-24 22:28:35,709 DEBUG [main] PooledByteBufAllocator:171 - -Dio.netty.allocator.cacheTrimInterval: 8192
2021-11-24 22:28:35,709 DEBUG [main] PooledByteBufAllocator:172 - -Dio.netty.allocator.cacheTrimIntervalMillis: 0
2021-11-24 22:28:35,709 DEBUG [main] PooledByteBufAllocator:173 - -Dio.netty.allocator.useCacheForAllThreads: true
2021-11-24 22:28:35,710 DEBUG [main] PooledByteBufAllocator:174 - -Dio.netty.allocator.maxCachedByteBuffersPerChunk: 1023
2021-11-24 22:28:35,717 DEBUG [main] ByteBufUtil:87 - -Dio.netty.allocator.type: pooled
2021-11-24 22:28:35,717 DEBUG [main] ByteBufUtil:96 - -Dio.netty.threadLocalDirectBufferSize: 0
2021-11-24 22:28:35,717 DEBUG [main] ByteBufUtil:99 - -Dio.netty.maxThreadLocalCharBufferSize: 16384
2021-11-24 22:28:36,013 DEBUG [Forwarding newSession on session null to remote] DefaultChannelId:79 - -Dio.netty.processId: 7760 (auto-detected)
2021-11-24 22:28:36,015 DEBUG [Forwarding newSession on session null to remote] NetUtil:135 - -Djava.net.preferIPv4Stack: false
2021-11-24 22:28:36,015 DEBUG [Forwarding newSession on session null to remote] NetUtil:136 - -Djava.net.preferIPv6Addresses: false
2021-11-24 22:28:36,022 DEBUG [Forwarding newSession on session null to remote] NetUtilInitializations:129 - Loopback interface: lo (Software Loopback Interface 1, 127.0.0.1)
2021-11-24 22:28:36,023 DEBUG [Forwarding newSession on session null to remote] NetUtil:187 - Failed to get SOMAXCONN from sysctl and file \proc\sys\net\core\somaxconn. Default: 200
2021-11-24 22:28:36,042 DEBUG [Forwarding newSession on session null to remote] DefaultChannelId:101 - -Dio.netty.machineId: ac:d5:64:ff:fe:01:2d:e5 (auto-detected)
2021-11-24 22:28:36,082 DEBUG [AsyncHttpClient-1-2] AbstractByteBuf:63 - -Dio.netty.buffer.checkAccessible: true
2021-11-24 22:28:36,082 DEBUG [AsyncHttpClient-1-2] AbstractByteBuf:64 - -Dio.netty.buffer.checkBounds: true
2021-11-24 22:28:36,082 DEBUG [AsyncHttpClient-1-2] ResourceLeakDetectorFactory:196 - Loaded default ResourceLeakDetector: io.netty.util.ResourceLeakDetector@2bca71dd
2021-11-24 22:28:36,097 DEBUG [AsyncHttpClient-1-2] Recycler:103 - -Dio.netty.recycler.maxCapacityPerThread: 4096
2021-11-24 22:28:36,097 DEBUG [AsyncHttpClient-1-2] Recycler:104 - -Dio.netty.recycler.maxSharedCapacityFactor: 2
2021-11-24 22:28:36,097 DEBUG [AsyncHttpClient-1-2] Recycler:105 - -Dio.netty.recycler.linkCapacity: 16
2021-11-24 22:28:36,097 DEBUG [AsyncHttpClient-1-2] Recycler:106 - -Dio.netty.recycler.ratio: 8
2021-11-24 22:28:36,097 DEBUG [AsyncHttpClient-1-2] Recycler:107 - -Dio.netty.recycler.delayedQueue.ratio: 8
2021-11-24 22:28:36,624 DEBUG [AsyncHttpClient-1-2] Brotli:38 - brotli4j not in the classpath; Brotli support will be unavailable.
2021-11-24 22:28:36,720 DEBUG [main] ThreadLocalRandom:214 - -Dio.netty.initialSeedUniquifier: 0x2b895d9d06ee53e4
2021-11-24 22:28:46,646 DEBUG [AsyncHttpClient-1-3] PoolThreadCache:224 - Freed 2 thread-local buffer(s) from thread: AsyncHttpClient-1-3
2021-11-24 22:28:46,646 DEBUG [AsyncHttpClient-1-2] PoolThreadCache:224 - Freed 13 thread-local buffer(s) from thread: AsyncHttpClient-1-2
2021-11-24 22:28:46,646 DEBUG [AsyncHttpClient-1-4] PoolThreadCache:224 - Freed 4 thread-local buffer(s) from thread: AsyncHttpClient-1-4
2021-11-24 22:29:53,846 DEBUG [main] InternalLoggerFactory:89 - Using Log4J as the default logging framework
2021-11-24 22:29:53,851 DEBUG [main] ResourceLeakDetector:129 - -Dio.netty.leakDetection.level: simple
2021-11-24 22:29:53,851 DEBUG [main] ResourceLeakDetector:130 - -Dio.netty.leakDetection.targetRecords: 4
2021-11-24 22:29:53,855 DEBUG [main] ResourceLeakDetectorFactory:196 - Loaded default ResourceLeakDetector: io.netty.util.ResourceLeakDetector@6138e79a
2021-11-24 22:29:53,868 DEBUG [main] PlatformDependent0:460 - -Dio.netty.noUnsafe: false
2021-11-24 22:29:53,868 DEBUG [main] PlatformDependent0:954 - Java version: 16
2021-11-24 22:29:53,869 DEBUG [main] PlatformDependent0:135 - sun.misc.Unsafe.theUnsafe: available
2021-11-24 22:29:53,870 DEBUG [main] PlatformDependent0:159 - sun.misc.Unsafe.copyMemory: available
2021-11-24 22:29:53,871 DEBUG [main] PlatformDependent0:202 - java.nio.Buffer.address: available
2021-11-24 22:29:53,871 DEBUG [main] PlatformDependent0:285 - direct buffer constructor: unavailable: Reflective setAccessible(true) disabled
2021-11-24 22:29:53,872 DEBUG [main] PlatformDependent0:350 - java.nio.Bits.unaligned: available, true
2021-11-24 22:29:53,873 DEBUG [main] PlatformDependent0:417 - jdk.internal.misc.Unsafe.allocateUninitializedArray(int): unavailable: class io.netty.util.internal.PlatformDependent0$6 cannot access class jdk.internal.misc.Unsafe (in module java.base) because module java.base does not export jdk.internal.misc to unnamed module @239963d8
2021-11-24 22:29:53,874 DEBUG [main] PlatformDependent0:446 - java.nio.DirectByteBuffer.<init>(long, int): unavailable
2021-11-24 22:29:53,874 DEBUG [main] PlatformDependent:1103 - sun.misc.Unsafe: available
2021-11-24 22:29:53,883 DEBUG [main] PlatformDependent:1205 - maxDirectMemory: 2111832064 bytes (maybe)
2021-11-24 22:29:53,884 DEBUG [main] PlatformDependent:1224 - -Dio.netty.tmpdir: C:\Users\pc\AppData\Local\Temp (java.io.tmpdir)
2021-11-24 22:29:53,885 DEBUG [main] PlatformDependent:1303 - -Dio.netty.bitMode: 64 (sun.arch.data.model)
2021-11-24 22:29:53,886 DEBUG [main] PlatformDependent:1063 - Platform: Windows
2021-11-24 22:29:53,886 DEBUG [main] PlatformDependent:178 - -Dio.netty.maxDirectMemory: -1 bytes
2021-11-24 22:29:53,887 DEBUG [main] PlatformDependent:185 - -Dio.netty.uninitializedArrayAllocationThreshold: -1
2021-11-24 22:29:53,888 DEBUG [main] CleanerJava9:71 - java.nio.ByteBuffer.cleaner(): available
2021-11-24 22:29:53,888 DEBUG [main] PlatformDependent:205 - -Dio.netty.noPreferDirect: false
2021-11-24 22:29:53,894 DEBUG [main] PlatformDependent:967 - org.jctools-core.MpscChunkedArrayQueue: available
2021-11-24 22:29:53,906 DEBUG [main] InternalThreadLocalMap:83 - -Dio.netty.threadLocalMap.stringBuilder.initialSize: 1024
2021-11-24 22:29:53,906 DEBUG [main] InternalThreadLocalMap:86 - -Dio.netty.threadLocalMap.stringBuilder.maxSize: 4096
2021-11-24 22:29:54,045 DEBUG [main] JdkSslContext:97 - Default protocols (JDK): [TLSv1.3, TLSv1.2] 
2021-11-24 22:29:54,045 DEBUG [main] JdkSslContext:98 - Default cipher suites (JDK): [TLS_ECDHE_ECDSA_WITH_AES_256_GCM_SHA384, TLS_ECDHE_ECDSA_WITH_AES_128_GCM_SHA256, TLS_ECDHE_RSA_WITH_AES_128_GCM_SHA256, TLS_ECDHE_RSA_WITH_AES_256_GCM_SHA384, TLS_ECDHE_RSA_WITH_AES_128_CBC_SHA, TLS_ECDHE_RSA_WITH_AES_256_CBC_SHA, TLS_RSA_WITH_AES_128_GCM_SHA256, TLS_RSA_WITH_AES_128_CBC_SHA, TLS_RSA_WITH_AES_256_CBC_SHA, TLS_AES_128_GCM_SHA256, TLS_AES_256_GCM_SHA384]
2021-11-24 22:29:54,063 DEBUG [main] MultithreadEventLoopGroup:44 - -Dio.netty.eventLoopThreads: 16
2021-11-24 22:29:54,070 DEBUG [main] NioEventLoop:106 - -Dio.netty.noKeySetOptimization: false
2021-11-24 22:29:54,071 DEBUG [main] NioEventLoop:107 - -Dio.netty.selectorAutoRebuildThreshold: 512
2021-11-24 22:29:54,107 DEBUG [main] PooledByteBufAllocator:155 - -Dio.netty.allocator.numHeapArenas: 16
2021-11-24 22:29:54,107 DEBUG [main] PooledByteBufAllocator:156 - -Dio.netty.allocator.numDirectArenas: 16
2021-11-24 22:29:54,107 DEBUG [main] PooledByteBufAllocator:158 - -Dio.netty.allocator.pageSize: 8192
2021-11-24 22:29:54,107 DEBUG [main] PooledByteBufAllocator:163 - -Dio.netty.allocator.maxOrder: 11
2021-11-24 22:29:54,108 DEBUG [main] PooledByteBufAllocator:167 - -Dio.netty.allocator.chunkSize: 16777216
2021-11-24 22:29:54,108 DEBUG [main] PooledByteBufAllocator:168 - -Dio.netty.allocator.smallCacheSize: 256
2021-11-24 22:29:54,108 DEBUG [main] PooledByteBufAllocator:169 - -Dio.netty.allocator.normalCacheSize: 64
2021-11-24 22:29:54,108 DEBUG [main] PooledByteBufAllocator:170 - -Dio.netty.allocator.maxCachedBufferCapacity: 32768
2021-11-24 22:29:54,108 DEBUG [main] PooledByteBufAllocator:171 - -Dio.netty.allocator.cacheTrimInterval: 8192
2021-11-24 22:29:54,108 DEBUG [main] PooledByteBufAllocator:172 - -Dio.netty.allocator.cacheTrimIntervalMillis: 0
2021-11-24 22:29:54,109 DEBUG [main] PooledByteBufAllocator:173 - -Dio.netty.allocator.useCacheForAllThreads: true
2021-11-24 22:29:54,109 DEBUG [main] PooledByteBufAllocator:174 - -Dio.netty.allocator.maxCachedByteBuffersPerChunk: 1023
2021-11-24 22:29:54,117 DEBUG [main] ByteBufUtil:87 - -Dio.netty.allocator.type: pooled
2021-11-24 22:29:54,117 DEBUG [main] ByteBufUtil:96 - -Dio.netty.threadLocalDirectBufferSize: 0
2021-11-24 22:29:54,117 DEBUG [main] ByteBufUtil:99 - -Dio.netty.maxThreadLocalCharBufferSize: 16384
2021-11-24 22:29:54,435 DEBUG [Forwarding newSession on session null to remote] DefaultChannelId:79 - -Dio.netty.processId: 9652 (auto-detected)
2021-11-24 22:29:54,438 DEBUG [Forwarding newSession on session null to remote] NetUtil:135 - -Djava.net.preferIPv4Stack: false
2021-11-24 22:29:54,438 DEBUG [Forwarding newSession on session null to remote] NetUtil:136 - -Djava.net.preferIPv6Addresses: false
2021-11-24 22:29:54,444 DEBUG [Forwarding newSession on session null to remote] NetUtilInitializations:129 - Loopback interface: lo (Software Loopback Interface 1, 127.0.0.1)
2021-11-24 22:29:54,445 DEBUG [Forwarding newSession on session null to remote] NetUtil:187 - Failed to get SOMAXCONN from sysctl and file \proc\sys\net\core\somaxconn. Default: 200
2021-11-24 22:29:54,464 DEBUG [Forwarding newSession on session null to remote] DefaultChannelId:101 - -Dio.netty.machineId: ac:d5:64:ff:fe:01:2d:e5 (auto-detected)
2021-11-24 22:29:54,498 DEBUG [AsyncHttpClient-1-2] AbstractByteBuf:63 - -Dio.netty.buffer.checkAccessible: true
2021-11-24 22:29:54,499 DEBUG [AsyncHttpClient-1-2] AbstractByteBuf:64 - -Dio.netty.buffer.checkBounds: true
2021-11-24 22:29:54,499 DEBUG [AsyncHttpClient-1-2] ResourceLeakDetectorFactory:196 - Loaded default ResourceLeakDetector: io.netty.util.ResourceLeakDetector@3a37c482
2021-11-24 22:29:54,515 DEBUG [AsyncHttpClient-1-2] Recycler:103 - -Dio.netty.recycler.maxCapacityPerThread: 4096
2021-11-24 22:29:54,515 DEBUG [AsyncHttpClient-1-2] Recycler:104 - -Dio.netty.recycler.maxSharedCapacityFactor: 2
2021-11-24 22:29:54,516 DEBUG [AsyncHttpClient-1-2] Recycler:105 - -Dio.netty.recycler.linkCapacity: 16
2021-11-24 22:29:54,516 DEBUG [AsyncHttpClient-1-2] Recycler:106 - -Dio.netty.recycler.ratio: 8
2021-11-24 22:29:54,516 DEBUG [AsyncHttpClient-1-2] Recycler:107 - -Dio.netty.recycler.delayedQueue.ratio: 8
2021-11-24 22:29:55,091 DEBUG [AsyncHttpClient-1-2] Brotli:38 - brotli4j not in the classpath; Brotli support will be unavailable.
2021-11-24 22:29:55,180 DEBUG [main] ThreadLocalRandom:214 - -Dio.netty.initialSeedUniquifier: 0x91c62f6f8b99dd59
2021-11-24 22:30:05,053 DEBUG [AsyncHttpClient-1-3] PoolThreadCache:224 - Freed 2 thread-local buffer(s) from thread: AsyncHttpClient-1-3
2021-11-24 22:30:05,053 DEBUG [AsyncHttpClient-1-4] PoolThreadCache:224 - Freed 4 thread-local buffer(s) from thread: AsyncHttpClient-1-4
2021-11-24 22:30:05,053 DEBUG [AsyncHttpClient-1-2] PoolThreadCache:224 - Freed 13 thread-local buffer(s) from thread: AsyncHttpClient-1-2
2021-11-24 22:37:20,205 DEBUG [main] InternalLoggerFactory:89 - Using Log4J as the default logging framework
2021-11-24 22:37:20,210 DEBUG [main] ResourceLeakDetector:129 - -Dio.netty.leakDetection.level: simple
2021-11-24 22:37:20,211 DEBUG [main] ResourceLeakDetector:130 - -Dio.netty.leakDetection.targetRecords: 4
2021-11-24 22:37:20,214 DEBUG [main] ResourceLeakDetectorFactory:196 - Loaded default ResourceLeakDetector: io.netty.util.ResourceLeakDetector@42bc14c1
2021-11-24 22:37:20,229 DEBUG [main] PlatformDependent0:460 - -Dio.netty.noUnsafe: false
2021-11-24 22:37:20,229 DEBUG [main] PlatformDependent0:954 - Java version: 16
2021-11-24 22:37:20,230 DEBUG [main] PlatformDependent0:135 - sun.misc.Unsafe.theUnsafe: available
2021-11-24 22:37:20,230 DEBUG [main] PlatformDependent0:159 - sun.misc.Unsafe.copyMemory: available
2021-11-24 22:37:20,231 DEBUG [main] PlatformDependent0:202 - java.nio.Buffer.address: available
2021-11-24 22:37:20,232 DEBUG [main] PlatformDependent0:285 - direct buffer constructor: unavailable: Reflective setAccessible(true) disabled
2021-11-24 22:37:20,233 DEBUG [main] PlatformDependent0:350 - java.nio.Bits.unaligned: available, true
2021-11-24 22:37:20,234 DEBUG [main] PlatformDependent0:417 - jdk.internal.misc.Unsafe.allocateUninitializedArray(int): unavailable: class io.netty.util.internal.PlatformDependent0$6 cannot access class jdk.internal.misc.Unsafe (in module java.base) because module java.base does not export jdk.internal.misc to unnamed module @239963d8
2021-11-24 22:37:20,235 DEBUG [main] PlatformDependent0:446 - java.nio.DirectByteBuffer.<init>(long, int): unavailable
2021-11-24 22:37:20,235 DEBUG [main] PlatformDependent:1103 - sun.misc.Unsafe: available
2021-11-24 22:37:20,247 DEBUG [main] PlatformDependent:1205 - maxDirectMemory: 2111832064 bytes (maybe)
2021-11-24 22:37:20,247 DEBUG [main] PlatformDependent:1224 - -Dio.netty.tmpdir: C:\Users\pc\AppData\Local\Temp (java.io.tmpdir)
2021-11-24 22:37:20,249 DEBUG [main] PlatformDependent:1303 - -Dio.netty.bitMode: 64 (sun.arch.data.model)
2021-11-24 22:37:20,250 DEBUG [main] PlatformDependent:1063 - Platform: Windows
2021-11-24 22:37:20,250 DEBUG [main] PlatformDependent:178 - -Dio.netty.maxDirectMemory: -1 bytes
2021-11-24 22:37:20,251 DEBUG [main] PlatformDependent:185 - -Dio.netty.uninitializedArrayAllocationThreshold: -1
2021-11-24 22:37:20,252 DEBUG [main] CleanerJava9:71 - java.nio.ByteBuffer.cleaner(): available
2021-11-24 22:37:20,252 DEBUG [main] PlatformDependent:205 - -Dio.netty.noPreferDirect: false
2021-11-24 22:37:20,258 DEBUG [main] PlatformDependent:967 - org.jctools-core.MpscChunkedArrayQueue: available
2021-11-24 22:37:20,272 DEBUG [main] InternalThreadLocalMap:83 - -Dio.netty.threadLocalMap.stringBuilder.initialSize: 1024
2021-11-24 22:37:20,273 DEBUG [main] InternalThreadLocalMap:86 - -Dio.netty.threadLocalMap.stringBuilder.maxSize: 4096
2021-11-24 22:37:20,421 DEBUG [main] JdkSslContext:97 - Default protocols (JDK): [TLSv1.3, TLSv1.2] 
2021-11-24 22:37:20,421 DEBUG [main] JdkSslContext:98 - Default cipher suites (JDK): [TLS_ECDHE_ECDSA_WITH_AES_256_GCM_SHA384, TLS_ECDHE_ECDSA_WITH_AES_128_GCM_SHA256, TLS_ECDHE_RSA_WITH_AES_128_GCM_SHA256, TLS_ECDHE_RSA_WITH_AES_256_GCM_SHA384, TLS_ECDHE_RSA_WITH_AES_128_CBC_SHA, TLS_ECDHE_RSA_WITH_AES_256_CBC_SHA, TLS_RSA_WITH_AES_128_GCM_SHA256, TLS_RSA_WITH_AES_128_CBC_SHA, TLS_RSA_WITH_AES_256_CBC_SHA, TLS_AES_128_GCM_SHA256, TLS_AES_256_GCM_SHA384]
2021-11-24 22:37:20,438 DEBUG [main] MultithreadEventLoopGroup:44 - -Dio.netty.eventLoopThreads: 16
2021-11-24 22:37:20,445 DEBUG [main] NioEventLoop:106 - -Dio.netty.noKeySetOptimization: false
2021-11-24 22:37:20,445 DEBUG [main] NioEventLoop:107 - -Dio.netty.selectorAutoRebuildThreshold: 512
2021-11-24 22:37:20,483 DEBUG [main] PooledByteBufAllocator:155 - -Dio.netty.allocator.numHeapArenas: 16
2021-11-24 22:37:20,483 DEBUG [main] PooledByteBufAllocator:156 - -Dio.netty.allocator.numDirectArenas: 16
2021-11-24 22:37:20,483 DEBUG [main] PooledByteBufAllocator:158 - -Dio.netty.allocator.pageSize: 8192
2021-11-24 22:37:20,483 DEBUG [main] PooledByteBufAllocator:163 - -Dio.netty.allocator.maxOrder: 11
2021-11-24 22:37:20,484 DEBUG [main] PooledByteBufAllocator:167 - -Dio.netty.allocator.chunkSize: 16777216
2021-11-24 22:37:20,484 DEBUG [main] PooledByteBufAllocator:168 - -Dio.netty.allocator.smallCacheSize: 256
2021-11-24 22:37:20,484 DEBUG [main] PooledByteBufAllocator:169 - -Dio.netty.allocator.normalCacheSize: 64
2021-11-24 22:37:20,484 DEBUG [main] PooledByteBufAllocator:170 - -Dio.netty.allocator.maxCachedBufferCapacity: 32768
2021-11-24 22:37:20,484 DEBUG [main] PooledByteBufAllocator:171 - -Dio.netty.allocator.cacheTrimInterval: 8192
2021-11-24 22:37:20,484 DEBUG [main] PooledByteBufAllocator:172 - -Dio.netty.allocator.cacheTrimIntervalMillis: 0
2021-11-24 22:37:20,485 DEBUG [main] PooledByteBufAllocator:173 - -Dio.netty.allocator.useCacheForAllThreads: true
2021-11-24 22:37:20,485 DEBUG [main] PooledByteBufAllocator:174 - -Dio.netty.allocator.maxCachedByteBuffersPerChunk: 1023
2021-11-24 22:37:20,493 DEBUG [main] ByteBufUtil:87 - -Dio.netty.allocator.type: pooled
2021-11-24 22:37:20,493 DEBUG [main] ByteBufUtil:96 - -Dio.netty.threadLocalDirectBufferSize: 0
2021-11-24 22:37:20,493 DEBUG [main] ByteBufUtil:99 - -Dio.netty.maxThreadLocalCharBufferSize: 16384
2021-11-24 22:37:20,828 DEBUG [Forwarding newSession on session null to remote] DefaultChannelId:79 - -Dio.netty.processId: 1280 (auto-detected)
2021-11-24 22:37:20,830 DEBUG [Forwarding newSession on session null to remote] NetUtil:135 - -Djava.net.preferIPv4Stack: false
2021-11-24 22:37:20,830 DEBUG [Forwarding newSession on session null to remote] NetUtil:136 - -Djava.net.preferIPv6Addresses: false
2021-11-24 22:37:20,836 DEBUG [Forwarding newSession on session null to remote] NetUtilInitializations:129 - Loopback interface: lo (Software Loopback Interface 1, 127.0.0.1)
2021-11-24 22:37:20,837 DEBUG [Forwarding newSession on session null to remote] NetUtil:187 - Failed to get SOMAXCONN from sysctl and file \proc\sys\net\core\somaxconn. Default: 200
2021-11-24 22:37:20,854 DEBUG [Forwarding newSession on session null to remote] DefaultChannelId:101 - -Dio.netty.machineId: ac:d5:64:ff:fe:01:2d:e5 (auto-detected)
2021-11-24 22:37:20,887 DEBUG [AsyncHttpClient-1-2] AbstractByteBuf:63 - -Dio.netty.buffer.checkAccessible: true
2021-11-24 22:37:20,887 DEBUG [AsyncHttpClient-1-2] AbstractByteBuf:64 - -Dio.netty.buffer.checkBounds: true
2021-11-24 22:37:20,888 DEBUG [AsyncHttpClient-1-2] ResourceLeakDetectorFactory:196 - Loaded default ResourceLeakDetector: io.netty.util.ResourceLeakDetector@7ff934a1
2021-11-24 22:37:20,904 DEBUG [AsyncHttpClient-1-2] Recycler:103 - -Dio.netty.recycler.maxCapacityPerThread: 4096
2021-11-24 22:37:20,905 DEBUG [AsyncHttpClient-1-2] Recycler:104 - -Dio.netty.recycler.maxSharedCapacityFactor: 2
2021-11-24 22:37:20,905 DEBUG [AsyncHttpClient-1-2] Recycler:105 - -Dio.netty.recycler.linkCapacity: 16
2021-11-24 22:37:20,905 DEBUG [AsyncHttpClient-1-2] Recycler:106 - -Dio.netty.recycler.ratio: 8
2021-11-24 22:37:20,905 DEBUG [AsyncHttpClient-1-2] Recycler:107 - -Dio.netty.recycler.delayedQueue.ratio: 8
2021-11-24 22:37:21,481 DEBUG [AsyncHttpClient-1-2] Brotli:38 - brotli4j not in the classpath; Brotli support will be unavailable.
2021-11-24 22:37:21,565 DEBUG [main] ThreadLocalRandom:214 - -Dio.netty.initialSeedUniquifier: 0x1d9570933b2674ad
2021-11-24 22:37:21,605  INFO [main] LoginTest:40 - *********launch chrome browser************
2021-11-24 22:37:21,605  WARN [main] LoginTest:41 - warning message
2021-11-24 22:37:21,605 FATAL [main] LoginTest:42 - fatal message
2021-11-24 22:37:21,605 DEBUG [main] LoginTest:43 - debug the code
2021-11-24 22:37:21,605 ERROR [main] LoginTest:44 - error message
2021-11-24 22:37:27,534  INFO [main] LoginTest:40 - *********launch chrome browser************
2021-11-24 22:37:27,535  WARN [main] LoginTest:41 - warning message
2021-11-24 22:37:27,535 FATAL [main] LoginTest:42 - fatal message
2021-11-24 22:37:27,535 DEBUG [main] LoginTest:43 - debug the code
2021-11-24 22:37:27,535 ERROR [main] LoginTest:44 - error message
2021-11-24 22:37:31,972 DEBUG [AsyncHttpClient-1-4] PoolThreadCache:224 - Freed 4 thread-local buffer(s) from thread: AsyncHttpClient-1-4
2021-11-24 22:37:31,972 DEBUG [AsyncHttpClient-1-3] PoolThreadCache:224 - Freed 2 thread-local buffer(s) from thread: AsyncHttpClient-1-3
2021-11-24 22:37:31,972 DEBUG [AsyncHttpClient-1-2] PoolThreadCache:224 - Freed 13 thread-local buffer(s) from thread: AsyncHttpClient-1-2
